Enter value for 1: MMF_9_11
-- PROMPT Connecting to schema MMF_9_11
-- 
Connected.
old   9: ) TABLESPACE &&DATA_TABLESPACE_NAME
new   9: ) TABLESPACE MMF_9_11_DATA

Table created.

Elapsed: 00:00:00.01

Comment created.

Elapsed: 00:00:00.00

Comment created.

Elapsed: 00:00:00.00

Comment created.

Elapsed: 00:00:00.00

Comment created.

Elapsed: 00:00:00.00

Comment created.

Elapsed: 00:00:00.00

Comment created.

Elapsed: 00:00:00.00

Comment created.

Elapsed: 00:00:00.00
old  11: ) TABLESPACE &&DATA_TABLESPACE_NAME
new  11: ) TABLESPACE MMF_9_11_DATA

Table created.

Elapsed: 00:00:00.00

Comment created.

Elapsed: 00:00:00.00

Comment created.

Elapsed: 00:00:00.00

Comment created.

Elapsed: 00:00:00.00
COMMENT ON COLUMN Composition.Length IS 'Composition''s length'
                              *
ERROR at line 1:
ORA-00904: "LENGTH": invalid identifier 


Elapsed: 00:00:00.00

Comment created.

Elapsed: 00:00:00.00

Comment created.

Elapsed: 00:00:00.00

Comment created.

Elapsed: 00:00:00.00

Comment created.

Elapsed: 00:00:00.00

Comment created.

Elapsed: 00:00:00.00
old   7: ) TABLESPACE &&DATA_TABLESPACE_NAME
new   7: ) TABLESPACE MMF_9_11_DATA

Table created.

Elapsed: 00:00:00.00

Comment created.

Elapsed: 00:00:00.00

Comment created.

Elapsed: 00:00:00.00

Comment created.

Elapsed: 00:00:00.00
COMMENT ON COLUMN Playlist.madeByUser IS 'Is playlist made by user or system'
                           *
ERROR at line 1:
ORA-00904: "MADEBYUSER": invalid identifier 


Elapsed: 00:00:00.00
old   5: ) TABLESPACE &&DATA_TABLESPACE_NAME
new   5: ) TABLESPACE MMF_9_11_DATA

Table created.

Elapsed: 00:00:00.07

Comment created.

Elapsed: 00:00:00.00

Comment created.

Elapsed: 00:00:00.00

Comment created.

Elapsed: 00:00:00.00
old  10: ) TABLESPACE &&DATA_TABLESPACE_NAME
new  10: ) TABLESPACE MMF_9_11_DATA

Table created.

Elapsed: 00:00:00.01

Comment created.

Elapsed: 00:00:00.00

Comment created.

Elapsed: 00:00:00.00

Comment created.

Elapsed: 00:00:00.00

Comment created.

Elapsed: 00:00:00.00

Comment created.

Elapsed: 00:00:00.00

Comment created.

Elapsed: 00:00:00.00

Comment created.

Elapsed: 00:00:00.00

Comment created.

Elapsed: 00:00:00.00
old   4: ) TABLESPACE &&DATA_TABLESPACE_NAME
new   4: ) TABLESPACE MMF_9_11_DATA

Table created.

Elapsed: 00:00:00.00
old   4: ) TABLESPACE &&DATA_TABLESPACE_NAME
new   4: ) TABLESPACE MMF_9_11_DATA

Table created.

Elapsed: 00:00:00.00
old   4: ) TABLESPACE &&DATA_TABLESPACE_NAME
new   4: ) TABLESPACE MMF_9_11_DATA

Table created.

Elapsed: 00:00:00.00
old   4: ) TABLESPACE &&DATA_TABLESPACE_NAME
new   4: ) TABLESPACE MMF_9_11_DATA

Table created.

Elapsed: 00:00:00.00
old   4: ) TABLESPACE &&DATA_TABLESPACE_NAME
new   4: ) TABLESPACE MMF_9_11_DATA

Table created.

Elapsed: 00:00:00.00
old   4: ) TABLESPACE &&DATA_TABLESPACE_NAME
new   4: ) TABLESPACE MMF_9_11_DATA

Table created.

Elapsed: 00:00:00.00
old   5: ) TABLESPACE &&DATA_TABLESPACE_NAME
new   5: ) TABLESPACE MMF_9_11_DATA

Table created.

Elapsed: 00:00:00.00

Comment created.

Elapsed: 00:00:00.00
old   5: ) TABLESPACE &&DATA_TABLESPACE_NAME
new   5: ) TABLESPACE MMF_9_11_DATA

Table created.

Elapsed: 00:00:00.00

Comment created.

Elapsed: 00:00:00.00
old   5: ) TABLESPACE &&DATA_TABLESPACE_NAME
new   5: ) TABLESPACE MMF_9_11_DATA

Table created.

Elapsed: 00:00:00.00

Comment created.

Elapsed: 00:00:00.00
old   1: ALTER TABLE Playlist ADD CONSTRAINT PK_Playlist PRIMARY KEY (ID) USING INDEX TABLESPACE &&INDEX_TABLESPACE_NAME
new   1: ALTER TABLE Playlist ADD CONSTRAINT PK_Playlist PRIMARY KEY (ID) USING INDEX TABLESPACE MMF_9_11_IDX

Table altered.

Elapsed: 00:00:00.01
old   1: ALTER TABLE Composition ADD CONSTRAINT PK_Composition PRIMARY KEY (ID) USING INDEX TABLESPACE &&INDEX_TABLESPACE_NAME
new   1: ALTER TABLE Composition ADD CONSTRAINT PK_Composition PRIMARY KEY (ID) USING INDEX TABLESPACE MMF_9_11_IDX

Table altered.

Elapsed: 00:00:00.01
old   1: ALTER TABLE UserT ADD CONSTRAINT PK_User PRIMARY KEY (ID) USING INDEX TABLESPACE &&INDEX_TABLESPACE_NAME
new   1: ALTER TABLE UserT ADD CONSTRAINT PK_User PRIMARY KEY (ID) USING INDEX TABLESPACE MMF_9_11_IDX

Table altered.

Elapsed: 00:00:00.01
old   1: ALTER TABLE PlaylistSongs ADD CONSTRAINT PK_PlaylistSongs PRIMARY KEY (Playlist_ID,Song_ID) USING INDEX TABLESPACE &&INDEX_TABLESPACE_NAME
new   1: ALTER TABLE PlaylistSongs ADD CONSTRAINT PK_PlaylistSongs PRIMARY KEY (Playlist_ID,Song_ID) USING INDEX TABLESPACE MMF_9_11_IDX

Table altered.

Elapsed: 00:00:00.01
old   1: ALTER TABLE Album ADD CONSTRAINT PK_Album PRIMARY KEY (ID) USING INDEX TABLESPACE &&INDEX_TABLESPACE_NAME
new   1: ALTER TABLE Album ADD CONSTRAINT PK_Album PRIMARY KEY (ID) USING INDEX TABLESPACE MMF_9_11_IDX

Table altered.

Elapsed: 00:00:00.01
old   1: ALTER TABLE AlbumSongs ADD CONSTRAINT PK_AlbumSongs PRIMARY KEY (Composition_ID,Album_ID) USING INDEX TABLESPACE &&INDEX_TABLESPACE_NAME
new   1: ALTER TABLE AlbumSongs ADD CONSTRAINT PK_AlbumSongs PRIMARY KEY (Composition_ID,Album_ID) USING INDEX TABLESPACE MMF_9_11_IDX

Table altered.

Elapsed: 00:00:00.01
old   1: ALTER TABLE SongsLikes ADD CONSTRAINT PK_SongsLikes PRIMARY KEY (User_ID,Composition_ID) USING INDEX TABLESPACE &&INDEX_TABLESPACE_NAME
new   1: ALTER TABLE SongsLikes ADD CONSTRAINT PK_SongsLikes PRIMARY KEY (User_ID,Composition_ID) USING INDEX TABLESPACE MMF_9_11_IDX

Table altered.

Elapsed: 00:00:00.00
old   1: ALTER TABLE AlbumsLikes ADD CONSTRAINT PK_AlbumsLikes PRIMARY KEY (Album_ID,User_ID) USING INDEX TABLESPACE &&INDEX_TABLESPACE_NAME
new   1: ALTER TABLE AlbumsLikes ADD CONSTRAINT PK_AlbumsLikes PRIMARY KEY (Album_ID,User_ID) USING INDEX TABLESPACE MMF_9_11_IDX

Table altered.

Elapsed: 00:00:00.01
old   1: ALTER TABLE Style ADD CONSTRAINT PK_Style PRIMARY KEY (ID) USING INDEX TABLESPACE &&INDEX_TABLESPACE_NAME
new   1: ALTER TABLE Style ADD CONSTRAINT PK_Style PRIMARY KEY (ID) USING INDEX TABLESPACE MMF_9_11_IDX

Table altered.

Elapsed: 00:00:00.00
old   1: ALTER TABLE Preferences ADD CONSTRAINT PK_Preferences PRIMARY KEY (User_ID,Style_ID) USING INDEX TABLESPACE &&INDEX_TABLESPACE_NAME
new   1: ALTER TABLE Preferences ADD CONSTRAINT PK_Preferences PRIMARY KEY (User_ID,Style_ID) USING INDEX TABLESPACE MMF_9_11_IDX

Table altered.

Elapsed: 00:00:00.01
old   1: ALTER TABLE Subscriptions ADD CONSTRAINT PK_Subscriptions PRIMARY KEY (User_ID,Subscribed_to) USING INDEX TABLESPACE &&INDEX_TABLESPACE_NAME
new   1: ALTER TABLE Subscriptions ADD CONSTRAINT PK_Subscriptions PRIMARY KEY (User_ID,Subscribed_to) USING INDEX TABLESPACE MMF_9_11_IDX

Table altered.

Elapsed: 00:00:00.00
old   1: ALTER TABLE CompositionReviews ADD CONSTRAINT PK_CompositionReviews PRIMARY KEY (User_ID,Composition_ID) USING INDEX TABLESPACE &&INDEX_TABLESPACE_NAME
new   1: ALTER TABLE CompositionReviews ADD CONSTRAINT PK_CompositionReviews PRIMARY KEY (User_ID,Composition_ID) USING INDEX TABLESPACE MMF_9_11_IDX

Table altered.

Elapsed: 00:00:00.01
old   1: ALTER TABLE AlbumReviews ADD CONSTRAINT PK_AlbumReviews PRIMARY KEY (User_ID,Album_ID) USING INDEX TABLESPACE &&INDEX_TABLESPACE_NAME
new   1: ALTER TABLE AlbumReviews ADD CONSTRAINT PK_AlbumReviews PRIMARY KEY (User_ID,Album_ID) USING INDEX TABLESPACE MMF_9_11_IDX

Table altered.

Elapsed: 00:00:00.00
old   1: ALTER TABLE ListeningHistory ADD CONSTRAINT PK_ListeningHistory PRIMARY KEY (User_ID,Composition_ID) USING INDEX TABLESPACE &&INDEX_TABLESPACE_NAME
new   1: ALTER TABLE ListeningHistory ADD CONSTRAINT PK_ListeningHistory PRIMARY KEY (User_ID,Composition_ID) USING INDEX TABLESPACE MMF_9_11_IDX

Table altered.

Elapsed: 00:00:00.00
old   1: CREATE INDEX User_ListeningTo_IDX ON UserT (Listening_to) TABLESPACE &&INDEX_TABLESPACE_NAME
new   1: CREATE INDEX User_ListeningTo_IDX ON UserT (Listening_to) TABLESPACE MMF_9_11_IDX

Index created.

Elapsed: 00:00:00.00
old   1: CREATE INDEX Album_Owner_IDX ON Album (Owner_ID) TABLESPACE &&INDEX_TABLESPACE_NAME
new   1: CREATE INDEX Album_Owner_IDX ON Album (Owner_ID) TABLESPACE MMF_9_11_IDX

Index created.

Elapsed: 00:00:00.00
old   1: CREATE INDEX Album_Style_IDX ON Album (Style_ID) TABLESPACE &&INDEX_TABLESPACE_NAME
new   1: CREATE INDEX Album_Style_IDX ON Album (Style_ID) TABLESPACE MMF_9_11_IDX

Index created.

Elapsed: 00:00:00.00
old   1: CREATE INDEX Composition_Style_IDX ON Composition (Style_ID) TABLESPACE &&INDEX_TABLESPACE_NAME
new   1: CREATE INDEX Composition_Style_IDX ON Composition (Style_ID) TABLESPACE MMF_9_11_IDX

Index created.

Elapsed: 00:00:00.00
old   1: CREATE INDEX Composition_Owner_IDX ON Composition (Owner_ID) TABLESPACE &&INDEX_TABLESPACE_NAME
new   1: CREATE INDEX Composition_Owner_IDX ON Composition (Owner_ID) TABLESPACE MMF_9_11_IDX

Index created.

Elapsed: 00:00:00.00
old   1: CREATE INDEX Playlist_Owner_IDX ON Playlist (Owner_ID) TABLESPACE &&INDEX_TABLESPACE_NAME
new   1: CREATE INDEX Playlist_Owner_IDX ON Playlist (Owner_ID) TABLESPACE MMF_9_11_IDX

Index created.

Elapsed: 00:00:00.00

Table altered.

Elapsed: 00:00:00.00

Table altered.

Elapsed: 00:00:00.00

Table altered.

Elapsed: 00:00:00.00

Table altered.

Elapsed: 00:00:00.00

Table altered.

Elapsed: 00:00:00.00

Table altered.

Elapsed: 00:00:00.09

Table altered.

Elapsed: 00:00:00.01

Table altered.

Elapsed: 00:00:00.01

Table altered.

Elapsed: 00:00:00.00

Table altered.

Elapsed: 00:00:00.00

Table altered.

Elapsed: 00:00:00.01

Table altered.

Elapsed: 00:00:00.00

Table altered.

Elapsed: 00:00:00.00

Table altered.

Elapsed: 00:00:00.01

Table altered.

Elapsed: 00:00:00.00

Table altered.

Elapsed: 00:00:00.00

Table altered.

Elapsed: 00:00:00.00

Table altered.

Elapsed: 00:00:00.00

Table altered.

Elapsed: 00:00:00.00

Table altered.

Elapsed: 00:00:00.00

Table altered.

Elapsed: 00:00:00.00

Table altered.

Elapsed: 00:00:00.00

Table altered.

Elapsed: 00:00:00.00

Table altered.

Elapsed: 00:00:00.01
